Determining if the pthread_create exist failed with the following output:
Change Dir: /home/ys/project/src9-9/build/release-cpp11/CMakeFiles/CMakeTmp

Run Build Command:/usr/bin/gmake "cmTryCompileExec1393753457/fast"
/usr/bin/gmake -f CMakeFiles/cmTryCompileExec1393753457.dir/build.make CMakeFiles/cmTryCompileExec1393753457.dir/build
gmake[1]: 进入目录“/home/ys/project/src9-9/build/release-cpp11/CMakeFiles/CMakeTmp”
/usr/bin/cmake -E cmake_progress_report /home/ys/project/src9-9/build/release-cpp11/CMakeFiles/CMakeTmp/CMakeFiles 1
Building C object CMakeFiles/cmTryCompileExec1393753457.dir/CheckSymbolExists.c.o
/usr/bin/cc    -o CMakeFiles/cmTryCompileExec1393753457.dir/CheckSymbolExists.c.o   -c /home/ys/project/src9-9/build/release-cpp11/CMakeFiles/CMakeTmp/CheckSymbolExists.c
Linking C executable cmTryCompileExec1393753457
/usr/bin/cmake -E cmake_link_script CMakeFiles/cmTryCompileExec1393753457.dir/link.txt --verbose=1
/usr/bin/cc       CMakeFiles/cmTryCompileExec1393753457.dir/CheckSymbolExists.c.o  -o cmTryCompileExec1393753457 -rdynamic 
CMakeFiles/cmTryCompileExec1393753457.dir/CheckSymbolExists.c.o：在函数‘main’中：
CheckSymbolExists.c:(.text+0x16)：对‘pthread_create’未定义的引用
collect2: 错误：ld 返回 1
gmake[1]: 离开目录“/home/ys/project/src9-9/build/release-cpp11/CMakeFiles/CMakeTmp”
gmake[1]: *** [cmTryCompileExec1393753457] 错误 1
gmake: *** [cmTryCompileExec1393753457/fast] 错误 2

File /home/ys/project/src9-9/build/release-cpp11/CMakeFiles/CMakeTmp/CheckSymbolExists.c:
/* */
#include <pthread.h>

int main(int argc, char** argv)
{
  (void)argv;
#ifndef pthread_create
  return ((int*)(&pthread_create))[argc];
#else
  (void)argc;
  return 0;
#endif
}

Determining if the function pthread_create exists in the pthreads failed with the following output:
Change Dir: /home/ys/project/src9-9/build/release-cpp11/CMakeFiles/CMakeTmp

Run Build Command:/usr/bin/gmake "cmTryCompileExec237234601/fast"
/usr/bin/gmake -f CMakeFiles/cmTryCompileExec237234601.dir/build.make CMakeFiles/cmTryCompileExec237234601.dir/build
gmake[1]: 进入目录“/home/ys/project/src9-9/build/release-cpp11/CMakeFiles/CMakeTmp”
/usr/bin/cmake -E cmake_progress_report /home/ys/project/src9-9/build/release-cpp11/CMakeFiles/CMakeTmp/CMakeFiles 1
Building C object CMakeFiles/cmTryCompileExec237234601.dir/CheckFunctionExists.c.o
/usr/bin/cc   -DCHECK_FUNCTION_EXISTS=pthread_create   -o CMakeFiles/cmTryCompileExec237234601.dir/CheckFunctionExists.c.o   -c /usr/share/cmake/Modules/CheckFunctionExists.c
Linking C executable cmTryCompileExec237234601
/usr/bin/cmake -E cmake_link_script CMakeFiles/cmTryCompileExec237234601.dir/link.txt --verbose=1
/usr/bin/cc   -DCHECK_FUNCTION_EXISTS=pthread_create    CMakeFiles/cmTryCompileExec237234601.dir/CheckFunctionExists.c.o  -o cmTryCompileExec237234601 -rdynamic -lpthreads 
/usr/bin/ld: cannot find -lpthreads
collect2: 错误：ld 返回 1
gmake[1]: 离开目录“/home/ys/project/src9-9/build/release-cpp11/CMakeFiles/CMakeTmp”
gmake[1]: *** [cmTryCompileExec237234601] 错误 1
gmake: *** [cmTryCompileExec237234601/fast] 错误 2


