Determining if the pthread_create exist failed with the following output:
Change Dir: /home/ys/project/src9-9/build/release/CMakeFiles/CMakeTmp

Run Build Command:/usr/bin/gmake "cmTryCompileExec310536789/fast"
/usr/bin/gmake -f CMakeFiles/cmTryCompileExec310536789.dir/build.make CMakeFiles/cmTryCompileExec310536789.dir/build
gmake[1]: 进入目录“/home/ys/project/src9-9/build/release/CMakeFiles/CMakeTmp”
/usr/bin/cmake -E cmake_progress_report /home/ys/project/src9-9/build/release/CMakeFiles/CMakeTmp/CMakeFiles 1
Building C object CMakeFiles/cmTryCompileExec310536789.dir/CheckSymbolExists.c.o
/usr/bin/cc    -o CMakeFiles/cmTryCompileExec310536789.dir/CheckSymbolExists.c.o   -c /home/ys/project/src9-9/build/release/CMakeFiles/CMakeTmp/CheckSymbolExists.c
Linking C executable cmTryCompileExec310536789
/usr/bin/cmake -E cmake_link_script CMakeFiles/cmTryCompileExec310536789.dir/link.txt --verbose=1
/usr/bin/cc       CMakeFiles/cmTryCompileExec310536789.dir/CheckSymbolExists.c.o  -o cmTryCompileExec310536789 -rdynamic 
CMakeFiles/cmTryCompileExec310536789.dir/CheckSymbolExists.c.o：在函数‘main’中：
CheckSymbolExists.c:(.text+0x16)：对‘pthread_create’未定义的引用
collect2: 错误：ld 返回 1
gmake[1]: 离开目录“/home/ys/project/src9-9/build/release/CMakeFiles/CMakeTmp”
gmake[1]: *** [cmTryCompileExec310536789] 错误 1
gmake: *** [cmTryCompileExec310536789/fast] 错误 2

File /home/ys/project/src9-9/build/release/CMakeFiles/CMakeTmp/CheckSymbolExists.c:
/* */
#include <pthread.h>

int main(int argc, char** argv)
{
  (void)argv;
#ifndef pthread_create
  return ((int*)(&pthread_create))[argc];
#else
  (void)argc;
  return 0;
#endif
}

Determining if the function pthread_create exists in the pthreads failed with the following output:
Change Dir: /home/ys/project/src9-9/build/release/CMakeFiles/CMakeTmp

Run Build Command:/usr/bin/gmake "cmTryCompileExec2152599747/fast"
/usr/bin/gmake -f CMakeFiles/cmTryCompileExec2152599747.dir/build.make CMakeFiles/cmTryCompileExec2152599747.dir/build
gmake[1]: 进入目录“/home/ys/project/src9-9/build/release/CMakeFiles/CMakeTmp”
/usr/bin/cmake -E cmake_progress_report /home/ys/project/src9-9/build/release/CMakeFiles/CMakeTmp/CMakeFiles 1
Building C object CMakeFiles/cmTryCompileExec2152599747.dir/CheckFunctionExists.c.o
/usr/bin/cc   -DCHECK_FUNCTION_EXISTS=pthread_create   -o CMakeFiles/cmTryCompileExec2152599747.dir/CheckFunctionExists.c.o   -c /usr/share/cmake/Modules/CheckFunctionExists.c
Linking C executable cmTryCompileExec2152599747
/usr/bin/cmake -E cmake_link_script CMakeFiles/cmTryCompileExec2152599747.dir/link.txt --verbose=1
/usr/bin/cc   -DCHECK_FUNCTION_EXISTS=pthread_create    CMakeFiles/cmTryCompileExec2152599747.dir/CheckFunctionExists.c.o  -o cmTryCompileExec2152599747 -rdynamic -lpthreads 
/usr/bin/ld: cannot find -lpthreads
collect2: 错误：ld 返回 1
gmake[1]: 离开目录“/home/ys/project/src9-9/build/release/CMakeFiles/CMakeTmp”
gmake[1]: *** [cmTryCompileExec2152599747] 错误 1
gmake: *** [cmTryCompileExec2152599747/fast] 错误 2


